#
# A fatal error has been detected by the Java Runtime Environment:
#
#  EXCEPTION_ACCESS_VIOLATION (0xc0000005) at pc=0x000000020000000b, pid=6064, tid=5688
#
# JRE version: Java(TM) SE Runtime Environment (8.0_51-b16) (build 1.8.0_51-b16)
# Java VM: Java HotSpot(TM) 64-Bit Server VM (25.51-b03 mixed mode windows-amd64 compressed oops)
# Problematic frame:
# C  0x000000020000000b
#
# Failed to write core dump. Minidumps are not enabled by default on client versions of Windows
#
# If you would like to submit a bug report, please visit:
#   http://bugreport.java.com/bugreport/crash.jsp
#

---------------  T H R E A D  ---------------

Current thread (0x000000000220c800):  GCTaskThread [stack: 0x00000000120d0000,0x00000000121d0000] [id=5688]

siginfo: ExceptionCode=0xc0000005, ExceptionInformation=0x0000000000000008 0x000000020000000b

Registers:
RAX=0x00000000149f0800, RBX=0x0000000011b97e72, RCX=0x00000000149f1370, RDX=0x00000000553c48c0
RSP=0x00000000121cf498, RBP=0x0000000011b97e81, RSI=0x00000000c0fce400, RDI=0x00000000c0fcda48
R8 =0x00000000c0fcda48, R9 =0x00000000149f1370, R10=0x000000000000000c, R11=0x000000000000000c
R12=0x0000000011b97e63, R13=0x00000000553c48c0, R14=0x0000000002201660, R15=0x000000000000000c
RIP=0x000000020000000b, EFLAGS=0x0000000000010207

Top of Stack: (sp=0x00000000121cf498)
0x00000000121cf498:   0000000066a886cf 0000000011b97e72
0x00000000121cf4a8:   0000000011b97e81 00000000c0fce400
0x00000000121cf4b8:   00000000f2f82ff5 0000000011b97e00
0x00000000121cf4c8:   0000000011b9c066 0000000000000300
0x00000000121cf4d8:   0000000000000000 000000000047d8c0
0x00000000121cf4e8:   00000000022022c0 0000000066ce6248
0x00000000121cf4f8:   0000000000000000 0000000000000000
0x00000000121cf508:   0000000055255540 000000000220ce50
0x00000000121cf518:   000000000220ce40 00000000553c48c0
0x00000000121cf528:   0000000066a9b0b2 0000000011b97e00
0x00000000121cf538:   0000000002201820 00000000c0fd0008
0x00000000121cf548:   00000000c180cb60 00000000553c48c0
0x00000000121cf558:   0000000000000000 0000000000000006
0x00000000121cf568:   00000000021fe5b0 0000000055255540
0x00000000121cf578:   0000000066a8a0ce 000000000220c800
0x00000000121cf588:   0000000000000000 0000000000000000 

Instructions: (pc=0x000000020000000b)
0x00000001ffffffeb:   
[error occurred during error reporting (printing registers, top of stack, instructions near pc), id 0xc0000005]

Register to memory mapping:

RAX=0x00000000149f0800 is pointing into metadata
RBX=0x0000000011b97e72 is an unknown value
RCX=0x00000000149f1370 is pointing into metadata
RDX=0x00000000553c48c0 is an unknown value
RSP=0x00000000121cf498 is an unknown value
RBP=0x0000000011b97e81 is an unknown value
RSI=0x00000000c0fce400 is pointing into object: 0x00000000c0fce3f0
com.android.dx.util.IntList 
 - klass: 'com/android/dx/util/IntList'
RDI=
[error occurred during error reporting (printing register info), id 0xc0000005]

Stack: [0x00000000120d0000,0x00000000121d0000],  sp=0x00000000121cf498,  free space=1021k
Native frames: (J=compiled Java code, j=interpreted, Vv=VM code, C=native code)
C  0x000000020000000b


---------------  P R O C E S S  ---------------

Java Threads: ( => current thread )
  0x000000005714c000 JavaThread "pool-1-thread-4" [_thread_blocked, id=5384, stack(0x00000000589f0000,0x0000000058af0000)]
  0x000000005714b800 JavaThread "pool-1-thread-3" [_thread_blocked, id=2020, stack(0x00000000588a0000,0x00000000589a0000)]
  0x000000005714a000 JavaThread "pool-1-thread-2" [_thread_blocked, id=5520, stack(0x0000000058620000,0x0000000058720000)]
  0x0000000057195000 JavaThread "pool-2-thread-1" [_thread_blocked, id=4020, stack(0x0000000057480000,0x0000000057580000)]
  0x0000000057194800 JavaThread "pool-1-thread-1" [_thread_blocked, id=4452, stack(0x0000000058440000,0x0000000058540000)]
  0x0000000056e8a800 JavaThread "Service Thread" daemon [_thread_blocked, id=4356, stack(0x00000000579a0000,0x0000000057aa0000)]
  0x0000000056e86000 JavaThread "C1 CompilerThread2" daemon [_thread_blocked, id=2208, stack(0x0000000057260000,0x0000000057360000)]
  0x0000000056e85000 JavaThread "C2 CompilerThread1" daemon [_thread_in_native, id=5196, stack(0x00000000577d0000,0x00000000578d0000)]
  0x0000000056e81000 JavaThread "C2 CompilerThread0" daemon [_thread_blocked, id=5788, stack(0x0000000056c10000,0x0000000056d10000)]
  0x00000000553df800 JavaThread "Attach Listener" daemon [_thread_blocked, id=876, stack(0x00000000575c0000,0x00000000576c0000)]
  0x0000000056e8d800 JavaThread "Signal Dispatcher" daemon [_thread_blocked, id=3900, stack(0x0000000057360000,0x0000000057460000)]
  0x00000000553ce000 JavaThread "Finalizer" daemon [_thread_blocked, id=5596, stack(0x0000000056d30000,0x0000000056e30000)]
  0x00000000553cd000 JavaThread "Reference Handler" daemon [_thread_blocked, id=5072, stack(0x0000000056960000,0x0000000056a60000)]
  0x000000000047e000 JavaThread "main" [_thread_blocked, id=4540, stack(0x0000000002400000,0x0000000002500000)]

Other Threads:
  0x00000000553c7800 VMThread [stack: 0x0000000056b00000,0x0000000056c00000] [id=5220]
  0x0000000056e90000 WatcherThread [stack: 0x0000000057ae0000,0x0000000057be0000] [id=2960]

=>0x000000000220c800 (exited) GCTaskThread [stack: 0x00000000120d0000,0x00000000121d0000] [id=5688]

VM state:at safepoint (normal execution)

VM Mutex/Monitor currently owned by a thread:  ([mutex/lock_event])
[0x000000000047c6c0] Threads_lock - owner thread: 0x00000000553c7800
[0x000000000047cbc0] Heap_lock - owner thread: 0x000000005714a000

Heap:
 PSYoungGen      total 138240K, used 138221K [0x00000000eab00000, 0x00000000f3700000, 0x0000000100000000)
  eden space 133120K, 100% used [0x00000000eab00000,0x00000000f2d00000,0x00000000f2d00000)
  from space 5120K, 99% used [0x00000000f3200000,0x00000000f36fb540,0x00000000f3700000)
  to   space 5120K, 99% used [0x00000000f2d00000,0x00000000f31f9920,0x00000000f3200000)
 ParOldGen       total 87552K, used 44414K [0x00000000c0000000, 0x00000000c5580000, 0x00000000eab00000)
  object space 87552K, 50% used [0x00000000c0000000,0x00000000c2b5fb18,0x00000000c5580000)
 Metaspace       used 6429K, capacity 7256K, committed 7424K, reserved 1056768K
  class space    used 614K, capacity 656K, committed 768K, reserved 1048576K

Card table byte_map: [0x0000000011b90000,0x0000000011da0000] byte_map_base: 0x0000000011590000

Marking Bits: (ParMarkBitMap*) 0x0000000066ea4040
 Begin Bits: [0x00000000127e0000, 0x00000000137e0000)
 End Bits:   [0x00000000137e0000, 0x00000000147e0000)

Polling page: 0x0000000000130000

CodeCache: size=245760Kb used=7931Kb max_used=7931Kb free=237828Kb
 bounds [0x00000000027d0000, 0x0000000002fa0000, 0x00000000117d0000]
 total_blobs=2317 nmethods=2048 adapters=182
 compilation: enabled

Compilation events (10 events):
Event: 8.303 Thread 0x0000000056e86000 nmethod 2106 0x0000000002f8d210 code [0x0000000002f8d540, 0x0000000002f8e208]
Event: 8.303 Thread 0x0000000056e86000 2107       3       java.lang.String::lastIndexOf (151 bytes)
Event: 8.303 Thread 0x0000000056e86000 nmethod 2107 0x0000000002f8fa10 code [0x0000000002f8fbc0, 0x0000000002f90110]
Event: 8.303 Thread 0x0000000056e86000 2114       2       com.android.dx.dex.cf.AttributeTranslator::translateInnerClasses (356 bytes)
Event: 8.306 Thread 0x0000000056e86000 nmethod 2114 0x0000000002f90590 code [0x0000000002f90960, 0x0000000002f91c78]
Event: 8.306 Thread 0x0000000056e86000 2116       2       com.android.dx.rop.code.PlainInsn::<init> (13 bytes)
Event: 8.307 Thread 0x0000000056e86000 nmethod 2116 0x0000000002f93810 code [0x0000000002f939c0, 0x0000000002f93e38]
Event: 8.307 Thread 0x0000000056e86000 2117       2       com.android.dx.rop.code.Rops::opMoveResultPseudo (23 bytes)
Event: 8.307 Thread 0x0000000056e86000 nmethod 2117 0x0000000002f94510 code [0x0000000002f94680, 0x0000000002f94898]
Event: 8.307 Thread 0x0000000056e86000 2115       2       com.android.dx.cf.direct.DirectClassFile::parse0 (901 bytes)

GC Heap History (9 events):
Event: 2.504 GC heap before
{Heap before GC invocations=1 (full 0):
 PSYoungGen      total 38400K, used 33280K [0x00000000eab00000, 0x00000000ed580000, 0x0000000100000000)
  eden space 33280K, 100% used [0x00000000eab00000,0x00000000ecb80000,0x00000000ecb80000)
  from space 5120K, 0% used [0x00000000ed080000,0x00000000ed080000,0x00000000ed580000)
  to   space 5120K, 0% used [0x00000000ecb80000,0x00000000ecb80000,0x00000000ed080000)
 ParOldGen       total 87552K, used 0K [0x00000000c0000000, 0x00000000c5580000, 0x00000000eab00000)
  object space 87552K, 0% used [0x00000000c0000000,0x00000000c0000000,0x00000000c5580000)
 Metaspace       used 5769K, capacity 6704K, committed 6784K, reserved 1056768K
  class space    used 591K, capacity 616K, committed 640K, reserved 1048576K
Event: 3.023 GC heap after
Heap after GC invocations=1 (full 0):
 PSYoungGen      total 38400K, used 5096K [0x00000000eab00000, 0x00000000ef600000, 0x0000000100000000)
  eden space 33280K, 0% used [0x00000000eab00000,0x00000000eab00000,0x00000000ecb80000)
  from space 5120K, 99% used [0x00000000ecb80000,0x00000000ed07a008,0x00000000ed080000)
  to   space 5120K, 0% used [0x00000000ef100000,0x00000000ef100000,0x00000000ef600000)
 ParOldGen       total 87552K, used 406K [0x00000000c0000000, 0x00000000c5580000, 0x00000000eab00000)
  object space 87552K, 0% used [0x00000000c0000000,0x00000000c0065bc8,0x00000000c5580000)
 Metaspace       used 5769K, capacity 6704K, committed 6784K, reserved 1056768K
  class space    used 591K, capacity 616K, committed 640K, reserved 1048576K
}
Event: 4.269 GC heap before
{Heap before GC invocations=2 (full 0):
 PSYoungGen      total 38400K, used 38376K [0x00000000eab00000, 0x00000000ef600000, 0x0000000100000000)
  eden space 33280K, 100% used [0x00000000eab00000,0x00000000ecb80000,0x00000000ecb80000)
  from space 5120K, 99% used [0x00000000ecb80000,0x00000000ed07a008,0x00000000ed080000)
  to   space 5120K, 0% used [0x00000000ef100000,0x00000000ef100000,0x00000000ef600000)
 ParOldGen       total 87552K, used 406K [0x00000000c0000000, 0x00000000c5580000, 0x00000000eab00000)
  object space 87552K, 0% used [0x00000000c0000000,0x00000000c0065bc8,0x00000000c5580000)
 Metaspace       used 6042K, capacity 6960K, committed 7040K, reserved 1056768K
  class space    used 593K, capacity 616K, committed 640K, reserved 1048576K
Event: 4.609 GC heap after
Heap after GC invocations=2 (full 0):
 PSYoungGen      total 71680K, used 5091K [0x00000000eab00000, 0x00000000ef600000, 0x0000000100000000)
  eden space 66560K, 0% used [0x00000000eab00000,0x00000000eab00000,0x00000000eec00000)
  from space 5120K, 99% used [0x00000000ef100000,0x00000000ef5f8c98,0x00000000ef600000)
  to   space 5120K, 0% used [0x00000000eec00000,0x00000000eec00000,0x00000000ef100000)
 ParOldGen       total 87552K, used 3840K [0x00000000c0000000, 0x00000000c5580000, 0x00000000eab00000)
  object space 87552K, 4% used [0x00000000c0000000,0x00000000c03c00e0,0x00000000c5580000)
 Metaspace       used 6042K, capacity 6960K, committed 7040K, reserved 1056768K
  class space    used 593K, capacity 616K, committed 640K, reserved 1048576K
}
Event: 5.075 GC heap before
{Heap before GC invocations=3 (full 0):
 PSYoungGen      total 71680K, used 71651K [0x00000000eab00000, 0x00000000ef600000, 0x0000000100000000)
  eden space 66560K, 100% used [0x00000000eab00000,0x00000000eec00000,0x00000000eec00000)
  from space 5120K, 99% used [0x00000000ef100000,0x00000000ef5f8c98,0x00000000ef600000)
  to   space 5120K, 0% used [0x00000000eec00000,0x00000000eec00000,0x00000000ef100000)
 ParOldGen       total 87552K, used 3840K [0x00000000c0000000, 0x00000000c5580000, 0x00000000eab00000)
  object space 87552K, 4% used [0x00000000c0000000,0x00000000c03c00e0,0x00000000c5580000)
 Metaspace       used 6187K, capacity 7088K, committed 7296K, reserved 1056768K
  class space    used 594K, capacity 616K, committed 640K, reserved 1048576K
Event: 5.389 GC heap after
Heap after GC invocations=3 (full 0):
 PSYoungGen      total 71680K, used 5089K [0x00000000eab00000, 0x00000000f3700000, 0x0000000100000000)
  eden space 66560K, 0% used [0x00000000eab00000,0x00000000eab00000,0x00000000eec00000)
  from space 5120K, 99% used [0x00000000eec00000,0x00000000ef0f85c8,0x00000000ef100000)
  to   space 5120K, 0% used [0x00000000f3200000,0x00000000f3200000,0x00000000f3700000)
 ParOldGen       total 87552K, used 13726K [0x00000000c0000000, 0x00000000c5580000, 0x00000000eab00000)
  object space 87552K, 15% used [0x00000000c0000000,0x00000000c0d67928,0x00000000c5580000)
 Metaspace       used 6187K, capacity 7088K, committed 7296K, reserved 1056768K
  class space    used 594K, capacity 616K, committed 640K, reserved 1048576K
}
Event: 6.568 GC heap before
{Heap before GC invocations=4 (full 0):
 PSYoungGen      total 71680K, used 71649K [0x00000000eab00000, 0x00000000f3700000, 0x0000000100000000)
  eden space 66560K, 100% used [0x00000000eab00000,0x00000000eec00000,0x00000000eec00000)
  from space 5120K, 99% used [0x00000000eec00000,0x00000000ef0f85c8,0x00000000ef100000)
  to   space 5120K, 0% used [0x00000000f3200000,0x00000000f3200000,0x00000000f3700000)
 ParOldGen       total 87552K, used 13726K [0x00000000c0000000, 0x00000000c5580000, 0x00000000eab00000)
  object space 87552K, 15% used [0x00000000c0000000,0x00000000c0d67928,0x00000000c5580000)
 Metaspace       used 6270K, capacity 7152K, committed 7296K, reserved 1056768K
  class space    used 594K, capacity 616K, committed 640K, reserved 1048576K
Event: 7.177 GC heap after
Heap after GC invocations=4 (full 0):
 PSYoungGen      total 138240K, used 5101K [0x00000000eab00000, 0x00000000f3700000, 0x0000000100000000)
  eden space 133120K, 0% used [0x00000000eab00000,0x00000000eab00000,0x00000000f2d00000)
  from space 5120K, 99% used [0x00000000f3200000,0x00000000f36fb540,0x00000000f3700000)
  to   space 5120K, 0% used [0x00000000f2d00000,0x00000000f2d00000,0x00000000f3200000)
 ParOldGen       total 87552K, used 24626K [0x00000000c0000000, 0x00000000c5580000, 0x00000000eab00000)
  object space 87552K, 28% used [0x00000000c0000000,0x00000000c180cb60,0x00000000c5580000)
 Metaspace       used 6270K, capacity 7152K, committed 7296K, reserved 1056768K
  class space    used 594K, capacity 616K, committed 640K, reserved 1048576K
}
Event: 8.318 GC heap before
{Heap before GC invocations=5 (full 0):
 PSYoungGen      total 138240K, used 138221K [0x00000000eab00000, 0x00000000f3700000, 0x0000000100000000)
  eden space 133120K, 100% used [0x00000000eab00000,0x00000000f2d00000,0x00000000f2d00000)
  from space 5120K, 99% used [0x00000000f3200000,0x00000000f36fb540,0x00000000f3700000)
  to   space 5120K, 0% used [0x00000000f2d00000,0x00000000f2d00000,0x00000000f3200000)
 ParOldGen       total 87552K, used 24626K [0x00000000c0000000, 0x00000000c5580000, 0x00000000eab00000)
  object space 87552K, 28% used [0x00000000c0000000,0x00000000c180cb60,0x00000000c5580000)
 Metaspace       used 6429K, capacity 7256K, committed 7424K, reserved 1056768K
  class space    used 614K, capacity 656K, committed 768K, reserved 1048576K

Deoptimization events (10 events):
Event: 7.689 Thread 0x0000000057194800 Uncommon trap: reason=unstable_if action=reinterpret pc=0x0000000002bca2e0 method=com.android.dx.rop.code.LocalItem.compareHandlesNulls(Lcom/android/dx/rop/cst/CstString;Lcom/android/dx/rop/cst/CstString;)I @ 14
Event: 7.875 Thread 0x000000000047e000 Uncommon trap: reason=unstable_if action=reinterpret pc=0x0000000002ab7bc0 method=java.util.HashMap.putVal(ILjava/lang/Object;Ljava/lang/Object;ZZ)Ljava/lang/Object; @ 162
Event: 7.882 Thread 0x000000000047e000 Uncommon trap: reason=unstable_if action=reinterpret pc=0x0000000002d33440 method=java.util.HashMap.getNode(ILjava/lang/Object;)Ljava/util/HashMap$Node; @ 84
Event: 7.961 Thread 0x000000000047e000 Uncommon trap: reason=unstable_if action=reinterpret pc=0x0000000002adcfb0 method=com.android.dx.ssa.MoveParamCombiner$1.visitNonMoveInsn(Lcom/android/dx/ssa/NormalSsaInsn;)V @ 27
Event: 8.014 Thread 0x000000000047e000 Uncommon trap: reason=bimorphic action=maybe_recompile pc=0x0000000002f40ea8 method=com.android.dx.cf.code.RopperMachine.run(Lcom/android/dx/cf/code/Frame;II)V @ 988
Event: 8.014 Thread 0x000000000047e000 Uncommon trap: reason=bimorphic action=maybe_recompile pc=0x0000000002f40ea8 method=com.android.dx.cf.code.RopperMachine.run(Lcom/android/dx/cf/code/Frame;II)V @ 988
Event: 8.014 Thread 0x000000000047e000 Uncommon trap: reason=bimorphic action=maybe_recompile pc=0x0000000002f40ea8 method=com.android.dx.cf.code.RopperMachine.run(Lcom/android/dx/cf/code/Frame;II)V @ 988
Event: 8.193 Thread 0x000000005714a000 Uncommon trap: reason=bimorphic action=maybe_recompile pc=0x0000000002d8a2ac method=com.android.dx.ssa.LiteralOpUpgrader.tryReplacingWithConstant(Lcom/android/dx/ssa/NormalSsaInsn;)Z @ 62
Event: 8.198 Thread 0x000000005714a000 Uncommon trap: reason=bimorphic action=maybe_recompile pc=0x0000000002d8a2ac method=com.android.dx.ssa.LiteralOpUpgrader.tryReplacingWithConstant(Lcom/android/dx/ssa/NormalSsaInsn;)Z @ 62
Event: 8.283 Thread 0x000000000047e000 Uncommon trap: reason=bimorphic action=maybe_recompile pc=0x0000000002f40ea8 method=com.android.dx.cf.code.RopperMachine.run(Lcom/android/dx/cf/code/Frame;II)V @ 988

Internal exceptions (6 events):
Event: 0.118 Thread 0x000000000047e000 Exception <a 'java/lang/NoSuchMethodError': Method sun.misc.Unsafe.defineClass(Ljava/lang/String;[BII)Ljava/lang/Class; name or signature does not match> (0x00000000eab0d6c0) thrown at [C:\re\workspace\8-2-build-windows-amd64-cygwin\jdk8u51\3951\hotspot\srCý¾Ç{Q¾?
Event: 0.118 Thread 0x000000000047e000 Exception <a 'java/lang/NoSuchMethodError': Method sun.misc.Unsafe.prefetchRead(Ljava/lang/Object;J)V name or signature does not match> (0x00000000eab0d950) thrown at [C:\re\workspace\8-2-build-windows-amd64-cygwin\jdk8u51\3951\hotspot\src\share\vm\prims\jÎX’Á@
Event: 7.689 Thread 0x0000000057194800 Implicit null exception at 0x0000000002bc8d8b to 0x0000000002bca2c1
Event: 7.880 Thread 0x000000000047e000 Exception <a 'java/lang/ArrayIndexOutOfBoundsException': 18> (0x00000000ef79ba40) thrown at [C:\re\workspace\8-2-build-windows-amd64-cygwin\jdk8u51\3951\hotspot\src\share\vm\interpreter\interpreterRuntime.cpp, line 366]
Event: 7.881 Thread 0x000000000047e000 Exception <a 'java/lang/ArrayIndexOutOfBoundsException': 145> (0x00000000ef79d510) thrown at [C:\re\workspace\8-2-build-windows-amd64-cygwin\jdk8u51\3951\hotspot\src\share\vm\interpreter\interpreterRuntime.cpp, line 366]
Event: 7.881 Thread 0x000000000047e000 Exception <a 'java/lang/ArrayIndexOutOfBoundsException': 40> (0x00000000ef79e748) thrown at [C:\re\workspace\8-2-build-windows-amd64-cygwin\jdk8u51\3951\hotspot\src\share\vm\interpreter\interpreterRuntime.cpp, line 366]

Events (10 events):
Event: 8.258 Thread 0x000000000047e000 DEOPT PACKING pc=0x0000000002e8d87a sp=0x00000000024fe920
Event: 8.258 Thread 0x000000000047e000 DEOPT UNPACKING pc=0x000000000281747f sp=0x00000000024fe730 mode 0
Event: 8.283 Thread 0x000000000047e000 Uncommon trap: trap_request=0xffffffc6 fr.pc=0x0000000002f40ea8
Event: 8.283 Thread 0x000000000047e000 DEOPT PACKING pc=0x0000000002f40ea8 sp=0x00000000024fda60
Event: 8.283 Thread 0x000000000047e000 DEOPT UNPACKING pc=0x000000000281582a sp=0x00000000024fd9f8 mode 2
Event: 8.288 Thread 0x000000005714b800 DEOPT PACKING pc=0x0000000002ac7b2a sp=0x000000005899e280
Event: 8.288 Thread 0x000000005714b800 DEOPT UNPACKING pc=0x000000000281747f sp=0x000000005899dfa0 mode 0
Event: 8.301 Thread 0x000000000047e000 DEOPT PACKING pc=0x0000000002e95228 sp=0x00000000024fede0
Event: 8.301 Thread 0x000000000047e000 DEOPT UNPACKING pc=0x000000000281747f sp=0x00000000024feaa8 mode 0
Event: 8.315 Executing VM operation: ParallelGCFailedAllocation


Dynamic libraries:
0x000000013f7a0000 - 0x000000013f7d7000 	C:\Program Files\Java\jdk1.8.0_51\bin\java.exe
0x0000000077780000 - 0x0000000077929000 	C:\Windows\SYSTEM32\ntdll.dll
0x0000000077660000 - 0x000000007777f000 	C:\Windows\system32\kernel32.dll
0x000007fefda30000 - 0x000007fefda9b000 	C:\Windows\system32\KERNELBASE.dll
0x000007fefdcb0000 - 0x000007fefdd8b000 	C:\Windows\system32\ADVAPI32.dll
0x000007fefe1a0000 - 0x000007fefe23f000 	C:\Windows\system32\msvcrt.dll
0x000007fefe180000 - 0x000007fefe19f000 	C:\Windows\SYSTEM32\sechost.dll
0x000007feff4d0000 - 0x000007feff5fd000 	C:\Windows\system32\RPCRT4.dll
0x0000000077560000 - 0x000000007765a000 	C:\Windows\system32\USER32.dll
0x000007fefdaa0000 - 0x000007fefdb07000 	C:\Windows\system32\GDI32.dll
0x000007fefdc90000 - 0x000007fefdc9e000 	C:\Windows\system32\LPK.dll
0x000007fefddb0000 - 0x000007fefde79000 	C:\Windows\system32\USP10.dll
0x000007fefc180000 - 0x000007fefc374000 	C:\Windows\WinSxS\amd64_microsoft.windows.common-controls_6595b64144ccf1df_6.0.7601.17514_none_fa396087175ac9ac\COMCTL32.dll
0x000007fefe380000 - 0x000007fefe3f1000 	C:\Windows\system32\SHLWAPI.dll
0x000007fefe240000 - 0x000007fefe26e000 	C:\Windows\system32\IMM32.DLL
0x000007fefe270000 - 0x000007fefe379000 	C:\Windows\system32\MSCTF.dll
0x0000000068cc0000 - 0x0000000068d92000 	C:\Program Files\Java\jdk1.8.0_51\jre\bin\msvcr100.dll
0x00000000666a0000 - 0x0000000066f23000 	C:\Program Files\Java\jdk1.8.0_51\jre\bin\server\jvm.dll
0x000007fef9300000 - 0x000007fef9309000 	C:\Windows\system32\WSOCK32.dll
0x000007fefe130000 - 0x000007fefe17d000 	C:\Windows\system32\WS2_32.dll
0x000007fefdca0000 - 0x000007fefdca8000 	C:\Windows\system32\NSI.dll
0x000007fefb890000 - 0x000007fefb8cb000 	C:\Windows\system32\WINMM.dll
0x000007fefc810000 - 0x000007fefc81c000 	C:\Windows\system32\VERSION.dll
0x0000000077940000 - 0x0000000077947000 	C:\Windows\system32\PSAPI.DLL
0x0000000073f00000 - 0x0000000073f0f000 	C:\Program Files\Java\jdk1.8.0_51\jre\bin\verify.dll
0x0000000073ed0000 - 0x0000000073ef9000 	C:\Program Files\Java\jdk1.8.0_51\jre\bin\java.dll
0x0000000073eb0000 - 0x0000000073ec6000 	C:\Program Files\Java\jdk1.8.0_51\jre\bin\zip.dll
0x000007fefe400000 - 0x000007feff188000 	C:\Windows\system32\SHELL32.dll
0x000007feff600000 - 0x000007feff803000 	C:\Windows\system32\ole32.dll
0x000007fefd6d0000 - 0x000007fefd6df000 	C:\Windows\system32\profapi.dll
0x000007fef20e0000 - 0x000007fef2205000 	C:\Windows\system32\dbghelp.dll

VM Arguments:
jvm_args: -Xmx1024M -Dfile.encoding=windows-1252 -Duser.country=BR -Duser.language=pt -Duser.variant 
java_command: com.android.dx.command.Main --dex --num-threads=4 --output C:\Users\Prado\Desktop\xParty\app\build\intermediates\pre-dexed\debug\classes-4c2c6b9bfd2f2b0d23434e96c36277c3560c4458.jar C:\Users\Prado\Desktop\xParty\app\build\intermediates\exploded-aar\com.android.support\support-v4\23.4.0\jars\classes.jar
java_class_path (initial): C:\Users\Prado\AppData\Local\Android\sdk1\build-tools\23.0.2\lib\dx.jar
Launcher Type: SUN_STANDARD

Environment Variables:
PATH=C:\MobileServer\bin;C:\MobileServer\Mobile\Server\bin;C:\app\root\product\12.1.0\dbhome_1\bin;C:\ProgramData\Oracle\Java\javapath;C:\Windows\system32;C:\Windows;C:\Windows\System32\Wbem;C:\Windows\System32\WindowsPowerShell\v1.0\;C:\Program Files (x86)\NVIDIA Corporation\PhysX\Common;C:\Program Files (x86)\Skype\Phone\;C:\Program Files (x86)\Microsoft SQL Server\Client SDK\ODBC\110\Tools\Binn\;C:\Program Files (x86)\Microsoft SQL Server\130\DTS\Binn\;C:\Program Files\Microsoft SQL Server\Client SDK\ODBC\110\Tools\Binn\;C:\Program Files (x86)\Microsoft SQL Server\120\Tools\Binn\;C:\Program Files\Microsoft SQL Server\120\Tools\Binn\;C:\Program Files\Microsoft SQL Server\120\DTS\Binn\;C:\Program Files (x86)\Microsoft SQL Server\130\Tools\Binn\ManagementStudio\;C:\Program Files (x86)\Microsoft SQL Server\130\Tools\Binn\;C:\Python27\;C:\Program Files\Git\cmd
USERNAME=Prado
OS=Windows_NT
PROCESSOR_IDENTIFIER=AMD64 Family 21 Model 1 Stepping 2, AuthenticAMD



---------------  S Y S T E M  ---------------

OS: Windows 7 , 64 bit Build 7601 (6.1.7601.18015)

CPU:total 6 (6 cores per cpu, 1 threads per core) family 21 model 1 stepping 2, cmov, cx8, fxsr, mmx, sse, sse2, sse3, ssse3, sse4.1, sse4.2, popcnt, avx, aes, clmul, mmxext, 3dnowpref, lzcnt, sse4a, tsc, tscinvbit, tscinv

Memory: 4k page, physical 8370296k(738204k free), swap 16738736k(6686664k free)

vm_info: Java HotSpot(TM) 64-Bit Server VM (25.51-b03) for windows-amd64 JRE (1.8.0_51-b16), built on Jun  8 2015 18:03:07 by "java_re" with MS VC++ 10.0 (VS2010)

time: Tue Jul 26 15:00:30 2016
elapsed time: 8 seconds (0d 0h 0m 8s)

